<?xml version="1.0" encoding="UTF-8"?>
<!-- Generated by org.testng.reporters.JUnitXMLReporter -->
<testsuite ignored="0" hostname="JEYALAKSHMI" failures="0" tests="3" name="Test" time="8.966" errors="0" timestamp="2022-10-03T14:30:58 IST">
  <testcase classname="com.simplilearn.demo.Logintest" name="facebook" time="1.129"/>
  <testcase classname="com.simplilearn.demo.FacebookLogin" name="facebook" time="1.234"/>
  <testcase classname="com.simplilearn.demo.Registertest" name="f" time="4.297"/>
</testsuite> <!-- Test -->
